<?xml version="1.0" encoding="UTF-8"?>
<!-- Generated by org.testng.reporters.JUnitReportReporter -->
<testsuite skipped="0" hostname="Debendra" name="com.nt.flipkart.amazon.TestRunner" tests="3" failures="0" timestamp="21 Feb 2020 09:28:20 GMT" time="60.181" errors="0">
  <testcase name="search_Amazon" time="36.833" classname="com.nt.flipkart.amazon.TestRunner"/>
  <testcase name="search_Flipkart" time="23.344" classname="com.nt.flipkart.amazon.TestRunner"/>
  <testcase name="calculate_Price" time="0.004" classname="com.nt.flipkart.amazon.TestRunner"/>
</testsuite> <!-- com.nt.flipkart.amazon.TestRunner -->
